[ 2019-04-14T10:22:12+08:00 ] ::1 /thinkphp/index.php/Admin/Test/test
ERR: 非法操作:test

[ 2019-04-14T11:27:26+08:00 ] ::1 /thinkphp/index.php/admin/public/checklogin.html
ERR: 非法操作:checklogin

[ 2019-04-14T11:27:37+08:00 ] ::1 /thinkphp/index.php/admin/public/checklogin.html
ERR: 非法操作:checklogin

[ 2019-04-14T14:19:17+08:00 ] ::1 /thinkphp/index.php/admin/public/checklogin.html
ERR: 非法操作:checklogin

[ 2019-04-14T15:01:33+08:00 ] ::1 /thinkphp/index.php/admin/public/checklogin.html
ERR: 无法加载数据库驱动: Think\Db\Driver\

[ 2019-04-14T15:01:47+08:00 ] ::1 /thinkphp/index.php/admin/public/checklogin.html
ERR: 无法加载数据库驱动: Think\Db\Driver\

[ 2019-04-14T15:01:57+08:00 ] ::1 /thinkphp/index.php/admin/public/checklogin.html
ERR: 无法加载数据库驱动: Think\Db\Driver\

[ 2019-04-14T15:02:57+08:00 ] ::1 /thinkphp/index.php/admin/public/checklogin.html
ERR: 无法加载数据库驱动: Think\Db\Driver\

[ 2019-04-14T15:03:19+08:00 ] ::1 /thinkphp/index.php/admin/public/checklogin.html
ERR: 无法加载数据库驱动: Think\Db\Driver\

[ 2019-04-14T15:04:25+08:00 ] ::1 /thinkphp/index.php/admin/public/checklogin.html
ERR: 无法加载数据库驱动: Think\Db\Driver\

[ 2019-04-14T15:04:44+08:00 ] ::1 /thinkphp/index.php/admin/public/checklogin.html
ERR: 无法加载数据库驱动: Think\Db\Driver\

[ 2019-04-14T15:07:11+08:00 ] ::1 /thinkphp/index.php/admin/public/checklogin.html
ERR: 无法加载数据库驱动: Think\Db\Driver\

[ 2019-04-14T15:08:28+08:00 ] ::1 /thinkphp/index.php/admin/public/checklogin.html
ERR: 无法加载数据库驱动: Think\Db\Driver\

[ 2019-04-14T15:08:55+08:00 ] ::1 /thinkphp/index.php/admin/public/checklogin.html
ERR: 无法加载数据库驱动: Think\Db\Driver\

[ 2019-04-14T15:09:00+08:00 ] ::1 /thinkphp/index.php/admin/public/checklogin.html
ERR: 无法加载数据库驱动: Think\Db\Driver\

[ 2019-04-14T15:09:17+08:00 ] ::1 /thinkphp/index.php/admin/public/checklogin.html
ERR: 无法加载数据库驱动: Think\Db\Driver\

[ 2019-04-14T15:10:16+08:00 ] ::1 /thinkphp/index.php/admin/public/checklogin.html
ERR: 无法加载数据库驱动: Think\Db\Driver\

[ 2019-04-14T15:14:33+08:00 ] ::1 /thinkphp/index.php/admin/public/checklogin.html
ERR: 无法加载数据库驱动: Think\Db\Driver\

[ 2019-04-14T15:16:03+08:00 ] ::1 /thinkphp/index.php/admin/public/checklogin.html
ERR: 无法加载数据库驱动: Think\Db\Driver\

[ 2019-04-14T15:19:07+08:00 ] ::1 /thinkphp/index.php/admin/public/checklogin.html
ERR: 无法加载数据库驱动: Think\Db\Driver\

[ 2019-04-14T15:21:42+08:00 ] ::1 /thinkphp/index.php/admin/public/checklogin.html
ERR: 无法加载数据库驱动: Think\Db\Driver\

[ 2019-04-14T15:23:11+08:00 ] ::1 /thinkphp/index.php/admin/public/checklogin.html
ERR: 无法加载数据库驱动: Think\Db\Driver\

[ 2019-04-14T15:25:01+08:00 ] ::1 /thinkphp/index.php/admin/public/checklogin.html
ERR: 无法加载数据库驱动: Think\Db\Driver\

[ 2019-04-14T15:25:35+08:00 ] ::1 /thinkphp/index.php/admin/public/checklogin.html
ERR: 无法加载数据库驱动: Think\Db\Driver\

[ 2019-04-14T15:28:42+08:00 ] ::1 /thinkphp/index.php/admin/public/checklogin.html
ERR: 无法加载数据库驱动: Think\Db\Driver\

[ 2019-04-14T15:29:20+08:00 ] ::1 /thinkphp/index.php/admin/public/checklogin.html
ERR: 无法加载数据库驱动: Think\Db\Driver\

[ 2019-04-14T15:30:52+08:00 ] ::1 /thinkphp/index.php/admin/public/checklogin.html
ERR: 无法加载数据库驱动: Think\Db\Driver\

[ 2019-04-14T15:31:41+08:00 ] ::1 /thinkphp/index.php/admin/public/checklogin.html
ERR: 无法加载数据库驱动: Think\Db\Driver\

[ 2019-04-14T15:33:06+08:00 ] ::1 /thinkphp/index.php/admin/public/checklogin.html
ERR: 无法加载数据库驱动: Think\Db\Driver\

[ 2019-04-14T15:34:49+08:00 ] ::1 /thinkphp/index.php/admin/public/checklogin.html
ERR: 无法加载数据库驱动: Think\Db\Driver\

[ 2019-04-14T15:37:19+08:00 ] ::1 /thinkphp/index.php/admin/public/checklogin.html
ERR: 无法加载数据库驱动: Think\Db\Driver\

[ 2019-04-14T15:41:48+08:00 ] ::1 /thinkphp/index.php/admin/public/checklogin.html
ERR: 无法加载数据库驱动: Think\Db\Driver\

[ 2019-04-14T15:42:26+08:00 ] ::1 /thinkphp/index.php/admin/public/checklogin.html
ERR: 无法加载数据库驱动: Think\Db\Driver\

[ 2019-04-14T15:42:58+08:00 ] ::1 /thinkphp/index.php/admin/public/checklogin.html
ERR: 无法加载数据库驱动: Think\Db\Driver\

[ 2019-04-14T15:44:05+08:00 ] ::1 /thinkphp/index.php/admin/public/checklogin.html
ERR: 无法加载数据库驱动: Think\Db\Driver\

[ 2019-04-14T15:46:19+08:00 ] ::1 /thinkphp/index.php/admin/public/checklogin.html
ERR: 无法加载数据库驱动: Think\Db\Driver\

[ 2019-04-14T15:49:26+08:00 ] ::1 /thinkphp/index.php/admin/public/checklogin.html
ERR: 无法加载数据库驱动: Think\Db\Driver\

[ 2019-04-14T15:52:56+08:00 ] ::1 /thinkphp/index.php/admin/public/checklogin.html
ERR: 无法加载数据库驱动: Think\Db\Driver\

[ 2019-04-14T15:55:07+08:00 ] ::1 /thinkphp/index.php/admin/public/checklogin.html
ERR: 无法加载数据库驱动: Think\Db\Driver\

[ 2019-04-14T15:56:25+08:00 ] ::1 /thinkphp/index.php/admin/public/checklogin.html
ERR: 无法加载数据库驱动: Think\Db\Driver\

[ 2019-04-14T15:56:38+08:00 ] ::1 /thinkphp/index.php/admin/public/checklogin.html
ERR: 无法加载数据库驱动: Think\Db\Driver\

[ 2019-04-14T16:07:25+08:00 ] ::1 /thinkphp/index.php/admin/public/checklogin.html
ERR: 无法加载数据库驱动: Think\Db\Driver\

[ 2019-04-14T16:21:39+08:00 ] ::1 /thinkphp/index.php/Admin/Public/__public__/static/layer/layer.js
ERR: 非法操作:__public__

[ 2019-04-14T16:21:49+08:00 ] ::1 /thinkphp/index.php/Admin/Public/__public__/static/layer/layer.js
ERR: 非法操作:__public__

[ 2019-04-14T16:21:53+08:00 ] ::1 /thinkphp/index.php/Admin/Public/__public__/static/layer/layer.js
ERR: 非法操作:__public__

[ 2019-04-14T16:21:56+08:00 ] ::1 /thinkphp/index.php/Admin/Public/__public__/static/layer/layer.js
ERR: 非法操作:__public__

[ 2019-04-14T16:23:08+08:00 ] ::1 /thinkphp/index.php/Admin/Public/__public__/static/layer/layer.js
ERR: 非法操作:__public__

[ 2019-04-14T16:23:12+08:00 ] ::1 /thinkphp/index.php/Admin/Public/__public__/static/layer/layer.js
ERR: 非法操作:__public__

[ 2019-04-14T16:23:12+08:00 ] ::1 /thinkphp/index.php/Admin/Public/__public__/static/layer/layer.js
ERR: 非法操作:__public__

[ 2019-04-14T16:23:13+08:00 ] ::1 /thinkphp/index.php/Admin/Public/__public__/static/layer/layer.js
ERR: 非法操作:__public__

[ 2019-04-14T16:24:03+08:00 ] ::1 /thinkphp/index.php/Admin/Public/__public__/static/layer/layer.js
ERR: 非法操作:__public__

[ 2019-04-14T16:25:16+08:00 ] ::1 /thinkphp/index.php/Admin/Public/__public__/static/layer/layer.js
ERR: 非法操作:__public__

[ 2019-04-14T16:25:19+08:00 ] ::1 /thinkphp/index.php/Admin/Public/__public__/static/layer/layer.js
ERR: 非法操作:__public__

[ 2019-04-14T16:25:19+08:00 ] ::1 /thinkphp/index.php/Admin/Public/__public__/static/layer/layer.js
ERR: 非法操作:__public__

[ 2019-04-14T16:25:26+08:00 ] ::1 /thinkphp/index.php/Admin/Public/__public__/static/layer/layer.js
ERR: 非法操作:__public__

[ 2019-04-14T16:25:26+08:00 ] ::1 /thinkphp/index.php/Admin/Public/__public__/static/layer/layer.js
ERR: 非法操作:__public__

[ 2019-04-14T16:26:59+08:00 ] ::1 /thinkphp/index.php/Admin/Public/__public__/static/layer/layer.js
ERR: 非法操作:__public__

[ 2019-04-14T16:27:27+08:00 ] ::1 /thinkphp/index.php/Admin/Public/__public__/static/layer/layer.js
ERR: 非法操作:__public__

[ 2019-04-14T16:27:28+08:00 ] ::1 /thinkphp/index.php/Admin/Public/__public__/static/layer/layer.js
ERR: 非法操作:__public__

[ 2019-04-14T16:29:18+08:00 ] ::1 /thinkphp/index.php/Admin/Public/__public__/static/layer/layer.js
ERR: 非法操作:__public__

[ 2019-04-14T16:29:19+08:00 ] ::1 /thinkphp/index.php/Admin/Public/__public__/static/layer/layer.js
ERR: 非法操作:__public__

